*** Using Compiler 'V5.06 update 7 (build 960)', folder: 'F:\Keil_v5\ARM\ARMCC\Bin'
Rebuild target 'TransferPrj'
assembling startup_lks32mc08x.s...
compiling lks32mc08x_gpio.c...
compiling common.c...
compiling interrupt.c...
compiling lks32mc08x_exti.c...
compiling hw_can.c...
compiling hardware_init.c...
compiling lks32mc08x_iwdg.c...
compiling lks32mc08x_uart.c...
compiling lks32mc08x_DMA.c...
compiling freertos.c...
compiling main.c...
compiling lks32mc08x_tim.c...
compiling lks32mc08x_sys.c...
compiling lks32mc08x_can.c...
compiling hw_uart .c...
compiling SEGGER_RTT_printf.c...
compiling hw_485.c...
compiling list.c...
compiling port.c...
compiling SEGGER_RTT.c...
compiling heap_4.c...
compiling timers.c...
compiling queue.c...
compiling tasks.c...
linking...
Program Size: Code=11636 RO-data=244 RW-data=156 ZI-data=3452  
FromELF: creating hex file...
".\Objects\Transfer.axf" - 0 Error(s), 0 Warning(s).
Build Time Elapsed:  00:00:01
